<?xml version="1.0" encoding="UTF-8"?>
<!-- Generated by org.testng.reporters.JUnitReportReporter -->
<testsuite hostname="RINIPC405" failures="0" tests="1" name="esh.LoginToPage" time="8.610" errors="0" timestamp="2022-07-27T17:22:49 IST" skipped="0">
  <testcase classname="esh.LoginToPage" name="loginPageToATT" time="8.610"/>
  <system-out/>
</testsuite> <!-- esh.LoginToPage -->
