<?xml version="1.0" encoding="UTF-8"?>
<!-- Generated by org.testng.reporters.JUnitReportReporter -->
<testsuite hostname="RINIPC405" failures="0" tests="1" name="SeleniumPractice.HandlePopups" time="7.935" errors="0" timestamp="2022-10-06T19:03:26 IST" skipped="0">
  <testcase classname="SeleniumPractice.HandlePopups" name="checkWithOptions" time="7.935"/>
  <system-out/>
</testsuite> <!-- SeleniumPractice.HandlePopups -->
