<?xml version="1.0" encoding="UTF-8"?>
<!-- Generated by org.testng.reporters.JUnitReportReporter -->
<testsuite hostname="RINIPC405" failures="0" tests="1" name="SeleniumPractice.HandlePopups" time="12.788" errors="0" timestamp="2022-10-11T18:03:14 IST" skipped="0">
  <testcase classname="SeleniumPractice.HandlePopups" name="checkWithOptions" time="12.788"/>
  <system-out/>
</testsuite> <!-- SeleniumPractice.HandlePopups -->
