<?xml version="1.0" encoding="UTF-8"?>
<!-- Generated by org.testng.reporters.JUnitReportReporter -->
<testsuite hostname="RINIPC405" failures="0" tests="1" name="Nokia.LoginToNokia" time="8.133" errors="0" timestamp="2022-10-05T18:44:27 IST" skipped="0">
  <testcase classname="Nokia.LoginToNokia" name="getWebURL" time="8.133"/>
  <system-out/>
</testsuite> <!-- Nokia.LoginToNokia -->
